1
1
1
1
1
1
111
[1, 2, 2, 3]
[1, 2, 2, 3]
[1, 2, 2, 3]
[1, 2, 2, 3]
[1, 2, 2, 3]
[1, 2, 2, 3]
[1, 2, 2, 3]
[1, 2, 2, 3]
[1, 2, 2, 3]
[1, 2, 2, 3]
[1, 2, 2, 3]
[1, 2, 2, 3]
[1, 2, 2, 3]
[1, 2, 2, 3]
[1, 2, 2, 3]
[1, 2, 2, 3]
[1, 2, 2, 3]
[1, 2, 2, 3]
[1, 2, 2, 3]
[1, 2, 2, 3]
[1, 2, 2, 3]
[1, 2, 2, 3]
[1, 2, 2, 3]
[1, 2, 2, 3]
[1, 2, 2, 3]
[1, 2, 2, 3]
[1, 2, 2, 3]
[1, 2, 2, 3]
[1, 2, 2, 3]
[1, 2, 2, 3]
[1, 2, 2, 3]
[1, 2, 2, 3]
[1, 2, 2, 3]
[1, 2, 2, 3]
[1, 2, 2, 3]
[1, 2, 2, 3]
[1, 2, 2, 3]
[1, 2, 2, 3]
[1, 2, 2, 3]
[1, 2, 2, 3]
[1, 2, 2, 3]
[1, 2, 2, 3]
[1, 2, 2, 3]
[1, 2, 2, 3]
[1, 2, 2, 3]
[1, 2, 2, 3]
[1, 2, 2, 3]
[1, 2, 2, 3]
[1, 2, 2, 3]
[1, 2, 2, 3]
[1, 2, 2, 3]
[1, 2, 2, 3]
[1, 2, 2, 3]
[1, 2, 2, 3]
[1, 2, 2, 3]
[1, 2, 2, 3]
[1, 2, 2, 3]
[1, 2, 2, 3]
[1, 2, 2, 3]
[1, 2, 2, 3]
[1, 2, 2, 3]
[1, 2, 2, 3]
[1, 2, 2, 3]
[1, 2, 2, 3]
[1, 2, 2, 3]
[1, 2, 2, 3]
[1, 2, 2, 3]
[1, 2, 2, 3]
[1, 2, 2, 3]
[1, 2, 2, 3]
[1, 2, 2, 3]
[1, 2, 2, 3]
[1, 2, 2, 3]
[1, 2, 2, 3]
[1, 2, 2, 3]
[1, 2, 2, 3]
[1, 2, 2, 3]
[1, 2, 2, 3]
[1, 2, 2, 3]
[1, 2, 2, 3]
[1, 2, 2, 3]
[1, 2, 2, 3]
[1, 2, 2, 3]
[1, 2, 2, 3]
[1, 2, 2, 3]
[1, 2, 2, 3]
[1, 2, 2, 3]
[1, 2, 2, 3]
[1, 2, 2, 3]
[1, 2, 2, 3]
[1, 2, 2, 3]
[1, 2, 2, 3]
[1, 2, 2, 3]
[1, 2, 2, 3]
[1, 2, 2, 3]
[1, 2, 2, 3]
[1, 2, 2, 3]
[1, 2, 2, 3]
[1, 2, 2, 3]
[1, 2, 2, 3]
[1, 2, 2, 3]
[1, 2, 2, 3]
[1, 2, 2, 3]
[1, 2, 2, 3]
[1, 2, 2, 3]
[1, 2, 2, 3]
[1, 2, 2, 3]
[1, 2, 2, 3]
[1, 2, 2, 3]
[1, 2, 2, 3]
[1, 2, 2, 3]
[1, 2, 2, 3]
[1, 2, 2, 3]
[1, 2, 2, 3]
[1, 2, 2, 3]
